The system is: Linux - 4.19.0-kali5-amd64 - x86_64
Compiling the C compiler identification source file "CMakeCCompilerId.c" succeeded.
Compiler: /usr/bin/clang-8 
Build flags: 
Id flags:  

The output was:
0


Compilation of the C compiler identification source "CMakeCCompilerId.c" produced "a.out"

The C compiler identification is Clang, found in "/root/Desktop/Anemoi Drone Project/Drone Software/Dependencies/msp/build_pc/CMakeFiles/3.10.2/CompilerIdC/a.out"

Compiling the CXX compiler identification source file "CMakeCXXCompilerId.cpp" succeeded.
Compiler: /usr/bin/clang++-8 
Build flags: 
Id flags:  

The output was:
0


Compilation of the CXX compiler identification source "CMakeCXXCompilerId.cpp" produced "a.out"

The CXX compiler identification is Clang, found in "/root/Desktop/Anemoi Drone Project/Drone Software/Dependencies/msp/build_pc/CMakeFiles/3.10.2/CompilerIdCXX/a.out"

Determining if the C compiler works passed with the following output:
Change Dir: /root/Desktop/Anemoi Drone Project/Drone Software/Dependencies/msp/build_pc/CMakeFiles/CMakeTmp

Run Build Command:"/usr/bin/make" "cmTC_510e6/fast"
/usr/bin/make -f CMakeFiles/cmTC_510e6.dir/build.make CMakeFiles/cmTC_510e6.dir/build
make[1]: Entering directory '/root/Desktop/Anemoi Drone Project/Drone Software/Dependencies/msp/build_pc/CMakeFiles/CMakeTmp'
Building C object CMakeFiles/cmTC_510e6.dir/testCCompiler.c.o
/usr/bin/clang-8    -o CMakeFiles/cmTC_510e6.dir/testCCompiler.c.o   -c "/root/Desktop/Anemoi Drone Project/Drone Software/Dependencies/msp/build_pc/CMakeFiles/CMakeTmp/testCCompiler.c"
Linking C executable cmTC_510e6
/usr/local/bin/cmake -E cmake_link_script CMakeFiles/cmTC_510e6.dir/link.txt --verbose=1
/usr/bin/clang-8      -rdynamic CMakeFiles/cmTC_510e6.dir/testCCompiler.c.o  -o cmTC_510e6 
make[1]: Leaving directory '/root/Desktop/Anemoi Drone Project/Drone Software/Dependencies/msp/build_pc/CMakeFiles/CMakeTmp'


Detecting C compiler ABI info compiled with the following output:
Change Dir: /root/Desktop/Anemoi Drone Project/Drone Software/Dependencies/msp/build_pc/CMakeFiles/CMakeTmp

Run Build Command:"/usr/bin/make" "cmTC_caa0d/fast"
/usr/bin/make -f CMakeFiles/cmTC_caa0d.dir/build.make CMakeFiles/cmTC_caa0d.dir/build
make[1]: Entering directory '/root/Desktop/Anemoi Drone Project/Drone Software/Dependencies/msp/build_pc/CMakeFiles/CMakeTmp'
Building C object CMakeFiles/cmTC_caa0d.dir/CMakeCCompilerABI.c.o
/usr/bin/clang-8    -o CMakeFiles/cmTC_caa0d.dir/CMakeCCompilerABI.c.o   -c /usr/local/share/cmake-3.10/Modules/CMakeCCompilerABI.c
Linking C executable cmTC_caa0d
/usr/local/bin/cmake -E cmake_link_script CMakeFiles/cmTC_caa0d.dir/link.txt --verbose=1
/usr/bin/clang-8     -v -rdynamic CMakeFiles/cmTC_caa0d.dir/CMakeCCompilerABI.c.o  -o cmTC_caa0d 
clang version 8.0.1-+rc3-1 (tags/RELEASE_801/rc3)
Target: x86_64-pc-linux-gnu
Thread model: posix
InstalledDir: /usr/bin
Found candidate GCC installation: /usr/bin/../lib/gcc/i686-linux-gnu/8
Found candidate GCC installation: /usr/bin/../lib/gcc/i686-linux-gnu/9
Found candidate GCC installation: /usr/bin/../lib/gcc/x86_64-linux-gnu/6
Found candidate GCC installation: /usr/bin/../lib/gcc/x86_64-linux-gnu/6.5.0
Found candidate GCC installation: /usr/bin/../lib/gcc/x86_64-linux-gnu/7
Found candidate GCC installation: /usr/bin/../lib/gcc/x86_64-linux-gnu/7.4.0
Found candidate GCC installation: /usr/bin/../lib/gcc/x86_64-linux-gnu/8
Found candidate GCC installation: /usr/bin/../lib/gcc/x86_64-linux-gnu/9
Found candidate GCC installation: /usr/lib/gcc/i686-linux-gnu/8
Found candidate GCC installation: /usr/lib/gcc/i686-linux-gnu/9
Found candidate GCC installation: /usr/lib/gcc/x86_64-linux-gnu/6
Found candidate GCC installation: /usr/lib/gcc/x86_64-linux-gnu/6.5.0
Found candidate GCC installation: /usr/lib/gcc/x86_64-linux-gnu/7
Found candidate GCC installation: /usr/lib/gcc/x86_64-linux-gnu/7.4.0
Found candidate GCC installation: /usr/lib/gcc/x86_64-linux-gnu/8
Found candidate GCC installation: /usr/lib/gcc/x86_64-linux-gnu/9
Selected GCC installation: /usr/bin/../lib/gcc/x86_64-linux-gnu/9
Candidate multilib: .;@m64
Selected multilib: .;@m64
Found CUDA installation: /usr/local/cuda, version 10.0
 "/usr/bin/ld" -export-dynamic --build-id --eh-frame-hdr -m elf_x86_64 -export-dynamic -dynamic-linker /lib64/ld-linux-x86-64.so.2 -o cmTC_caa0d /usr/bin/../lib/gcc/x86_64-linux-gnu/9/../../../x86_64-linux-gnu/crt1.o /usr/bin/../lib/gcc/x86_64-linux-gnu/9/../../../x86_64-linux-gnu/crti.o /usr/bin/../lib/gcc/x86_64-linux-gnu/9/crtbegin.o -L/usr/bin/../lib/gcc/x86_64-linux-gnu/9 -L/usr/bin/../lib/gcc/x86_64-linux-gnu/9/../../../x86_64-linux-gnu -L/lib/x86_64-linux-gnu -L/lib/../lib64 -L/usr/lib/x86_64-linux-gnu -L/usr/bin/../lib/gcc/x86_64-linux-gnu/9/../../.. -L/usr/lib/llvm-8/bin/../lib -L/lib -L/usr/lib CMakeFiles/cmTC_caa0d.dir/CMakeCCompilerABI.c.o -lgcc --as-needed -lgcc_s --no-as-needed -lc -lgcc --as-needed -lgcc_s --no-as-needed /usr/bin/../lib/gcc/x86_64-linux-gnu/9/crtend.o /usr/bin/../lib/gcc/x86_64-linux-gnu/9/../../../x86_64-linux-gnu/crtn.o
make[1]: Leaving directory '/root/Desktop/Anemoi Drone Project/Drone Software/Dependencies/msp/build_pc/CMakeFiles/CMakeTmp'


Parsed C implicit link information from above output:
  link line regex: [^( *|.*[/\])(ld|CMAKE_LINK_STARTFILE-NOTFOUND|([^/\]+-)?ld|collect2)[^/\]*( |$)]
  ignore line: [Change Dir: /root/Desktop/Anemoi Drone Project/Drone Software/Dependencies/msp/build_pc/CMakeFiles/CMakeTmp]
  ignore line: []
  ignore line: [Run Build Command:"/usr/bin/make" "cmTC_caa0d/fast"]
  ignore line: [/usr/bin/make -f CMakeFiles/cmTC_caa0d.dir/build.make CMakeFiles/cmTC_caa0d.dir/build]
  ignore line: [make[1]: Entering directory '/root/Desktop/Anemoi Drone Project/Drone Software/Dependencies/msp/build_pc/CMakeFiles/CMakeTmp']
  ignore line: [Building C object CMakeFiles/cmTC_caa0d.dir/CMakeCCompilerABI.c.o]
  ignore line: [/usr/bin/clang-8    -o CMakeFiles/cmTC_caa0d.dir/CMakeCCompilerABI.c.o   -c /usr/local/share/cmake-3.10/Modules/CMakeCCompilerABI.c]
  ignore line: [Linking C executable cmTC_caa0d]
  ignore line: [/usr/local/bin/cmake -E cmake_link_script CMakeFiles/cmTC_caa0d.dir/link.txt --verbose=1]
  ignore line: [/usr/bin/clang-8     -v -rdynamic CMakeFiles/cmTC_caa0d.dir/CMakeCCompilerABI.c.o  -o cmTC_caa0d ]
  ignore line: [clang version 8.0.1-+rc3-1 (tags/RELEASE_801/rc3)]
  ignore line: [Target: x86_64-pc-linux-gnu]
  ignore line: [Thread model: posix]
  ignore line: [InstalledDir: /usr/bin]
  ignore line: [Found candidate GCC installation: /usr/bin/../lib/gcc/i686-linux-gnu/8]
  ignore line: [Found candidate GCC installation: /usr/bin/../lib/gcc/i686-linux-gnu/9]
  ignore line: [Found candidate GCC installation: /usr/bin/../lib/gcc/x86_64-linux-gnu/6]
  ignore line: [Found candidate GCC installation: /usr/bin/../lib/gcc/x86_64-linux-gnu/6.5.0]
  ignore line: [Found candidate GCC installation: /usr/bin/../lib/gcc/x86_64-linux-gnu/7]
  ignore line: [Found candidate GCC installation: /usr/bin/../lib/gcc/x86_64-linux-gnu/7.4.0]
  ignore line: [Found candidate GCC installation: /usr/bin/../lib/gcc/x86_64-linux-gnu/8]
  ignore line: [Found candidate GCC installation: /usr/bin/../lib/gcc/x86_64-linux-gnu/9]
  ignore line: [Found candidate GCC installation: /usr/lib/gcc/i686-linux-gnu/8]
  ignore line: [Found candidate GCC installation: /usr/lib/gcc/i686-linux-gnu/9]
  ignore line: [Found candidate GCC installation: /usr/lib/gcc/x86_64-linux-gnu/6]
  ignore line: [Found candidate GCC installation: /usr/lib/gcc/x86_64-linux-gnu/6.5.0]
  ignore line: [Found candidate GCC installation: /usr/lib/gcc/x86_64-linux-gnu/7]
  ignore line: [Found candidate GCC installation: /usr/lib/gcc/x86_64-linux-gnu/7.4.0]
  ignore line: [Found candidate GCC installation: /usr/lib/gcc/x86_64-linux-gnu/8]
  ignore line: [Found candidate GCC installation: /usr/lib/gcc/x86_64-linux-gnu/9]
  ignore line: [Selected GCC installation: /usr/bin/../lib/gcc/x86_64-linux-gnu/9]
  ignore line: [Candidate multilib: .]
  ignore line: [@m64]
  ignore line: [Selected multilib: .]
  ignore line: [@m64]
  ignore line: [Found CUDA installation: /usr/local/cuda, version 10.0]
  link line: [ "/usr/bin/ld" -export-dynamic --build-id --eh-frame-hdr -m elf_x86_64 -export-dynamic -dynamic-linker /lib64/ld-linux-x86-64.so.2 -o cmTC_caa0d /usr/bin/../lib/gcc/x86_64-linux-gnu/9/../../../x86_64-linux-gnu/crt1.o /usr/bin/../lib/gcc/x86_64-linux-gnu/9/../../../x86_64-linux-gnu/crti.o /usr/bin/../lib/gcc/x86_64-linux-gnu/9/crtbegin.o -L/usr/bin/../lib/gcc/x86_64-linux-gnu/9 -L/usr/bin/../lib/gcc/x86_64-linux-gnu/9/../../../x86_64-linux-gnu -L/lib/x86_64-linux-gnu -L/lib/../lib64 -L/usr/lib/x86_64-linux-gnu -L/usr/bin/../lib/gcc/x86_64-linux-gnu/9/../../.. -L/usr/lib/llvm-8/bin/../lib -L/lib -L/usr/lib CMakeFiles/cmTC_caa0d.dir/CMakeCCompilerABI.c.o -lgcc --as-needed -lgcc_s --no-as-needed -lc -lgcc --as-needed -lgcc_s --no-as-needed /usr/bin/../lib/gcc/x86_64-linux-gnu/9/crtend.o /usr/bin/../lib/gcc/x86_64-linux-gnu/9/../../../x86_64-linux-gnu/crtn.o]
    arg [/usr/bin/ld] ==> ignore
    arg [-export-dynamic] ==> ignore
    arg [--build-id] ==> ignore
    arg [--eh-frame-hdr] ==> ignore
    arg [-m] ==> ignore
    arg [elf_x86_64] ==> ignore
    arg [-export-dynamic] ==> ignore
    arg [-dynamic-linker] ==> ignore
    arg [/lib64/ld-linux-x86-64.so.2] ==> ignore
    arg [-o] ==> ignore
    arg [cmTC_caa0d] ==> ignore
    arg [/usr/bin/../lib/gcc/x86_64-linux-gnu/9/../../../x86_64-linux-gnu/crt1.o] ==> ignore
    arg [/usr/bin/../lib/gcc/x86_64-linux-gnu/9/../../../x86_64-linux-gnu/crti.o] ==> ignore
    arg [/usr/bin/../lib/gcc/x86_64-linux-gnu/9/crtbegin.o] ==> ignore
    arg [-L/usr/bin/../lib/gcc/x86_64-linux-gnu/9] ==> dir [/usr/bin/../lib/gcc/x86_64-linux-gnu/9]
    arg [-L/usr/bin/../lib/gcc/x86_64-linux-gnu/9/../../../x86_64-linux-gnu] ==> dir [/usr/bin/../lib/gcc/x86_64-linux-gnu/9/../../../x86_64-linux-gnu]
    arg [-L/lib/x86_64-linux-gnu] ==> dir [/lib/x86_64-linux-gnu]
    arg [-L/lib/../lib64] ==> dir [/lib/../lib64]
    arg [-L/usr/lib/x86_64-linux-gnu] ==> dir [/usr/lib/x86_64-linux-gnu]
    arg [-L/usr/bin/../lib/gcc/x86_64-linux-gnu/9/../../..] ==> dir [/usr/bin/../lib/gcc/x86_64-linux-gnu/9/../../..]
    arg [-L/usr/lib/llvm-8/bin/../lib] ==> dir [/usr/lib/llvm-8/bin/../lib]
    arg [-L/lib] ==> dir [/lib]
    arg [-L/usr/lib] ==> dir [/usr/lib]
    arg [CMakeFiles/cmTC_caa0d.dir/CMakeCCompilerABI.c.o] ==> ignore
    arg [-lgcc] ==> lib [gcc]
    arg [--as-needed] ==> ignore
    arg [-lgcc_s] ==> lib [gcc_s]
    arg [--no-as-needed] ==> ignore
    arg [-lc] ==> lib [c]
    arg [-lgcc] ==> lib [gcc]
    arg [--as-needed] ==> ignore
    arg [-lgcc_s] ==> lib [gcc_s]
    arg [--no-as-needed] ==> ignore
    arg [/usr/bin/../lib/gcc/x86_64-linux-gnu/9/crtend.o] ==> ignore
    arg [/usr/bin/../lib/gcc/x86_64-linux-gnu/9/../../../x86_64-linux-gnu/crtn.o] ==> ignore
  collapse library dir [/usr/bin/../lib/gcc/x86_64-linux-gnu/9] ==> [/usr/lib/gcc/x86_64-linux-gnu/9]
  collapse library dir [/usr/bin/../lib/gcc/x86_64-linux-gnu/9/../../../x86_64-linux-gnu] ==> [/usr/lib/x86_64-linux-gnu]
  collapse library dir [/lib/x86_64-linux-gnu] ==> [/lib/x86_64-linux-gnu]
  collapse library dir [/lib/../lib64] ==> [/lib64]
  collapse library dir [/usr/lib/x86_64-linux-gnu] ==> [/usr/lib/x86_64-linux-gnu]
  collapse library dir [/usr/bin/../lib/gcc/x86_64-linux-gnu/9/../../..] ==> [/usr/lib]
  collapse library dir [/usr/lib/llvm-8/bin/../lib] ==> [/usr/lib/llvm-8/lib]
  collapse library dir [/lib] ==> [/lib]
  collapse library dir [/usr/lib] ==> [/usr/lib]
  implicit libs: [gcc;gcc_s;c;gcc;gcc_s]
  implicit dirs: [/usr/lib/gcc/x86_64-linux-gnu/9;/usr/lib/x86_64-linux-gnu;/lib/x86_64-linux-gnu;/lib64;/usr/lib;/usr/lib/llvm-8/lib;/lib]
  implicit fwks: []




Detecting C [-std=c11] compiler features compiled with the following output:
Change Dir: /root/Desktop/Anemoi Drone Project/Drone Software/Dependencies/msp/build_pc/CMakeFiles/CMakeTmp

Run Build Command:"/usr/bin/make" "cmTC_cd321/fast"
/usr/bin/make -f CMakeFiles/cmTC_cd321.dir/build.make CMakeFiles/cmTC_cd321.dir/build
make[1]: Entering directory '/root/Desktop/Anemoi Drone Project/Drone Software/Dependencies/msp/build_pc/CMakeFiles/CMakeTmp'
Building C object CMakeFiles/cmTC_cd321.dir/feature_tests.c.o
/usr/bin/clang-8   -std=c11 -o CMakeFiles/cmTC_cd321.dir/feature_tests.c.o   -c "/root/Desktop/Anemoi Drone Project/Drone Software/Dependencies/msp/build_pc/CMakeFiles/feature_tests.c"
Linking C executable cmTC_cd321
/usr/local/bin/cmake -E cmake_link_script CMakeFiles/cmTC_cd321.dir/link.txt --verbose=1
/usr/bin/clang-8      -rdynamic CMakeFiles/cmTC_cd321.dir/feature_tests.c.o  -o cmTC_cd321 
make[1]: Leaving directory '/root/Desktop/Anemoi Drone Project/Drone Software/Dependencies/msp/build_pc/CMakeFiles/CMakeTmp'


    Feature record: C_FEATURE:1c_function_prototypes
    Feature record: C_FEATURE:1c_restrict
    Feature record: C_FEATURE:1c_static_assert
    Feature record: C_FEATURE:1c_variadic_macros


Detecting C [-std=c99] compiler features compiled with the following output:
Change Dir: /root/Desktop/Anemoi Drone Project/Drone Software/Dependencies/msp/build_pc/CMakeFiles/CMakeTmp

Run Build Command:"/usr/bin/make" "cmTC_34ba3/fast"
/usr/bin/make -f CMakeFiles/cmTC_34ba3.dir/build.make CMakeFiles/cmTC_34ba3.dir/build
make[1]: Entering directory '/root/Desktop/Anemoi Drone Project/Drone Software/Dependencies/msp/build_pc/CMakeFiles/CMakeTmp'
Building C object CMakeFiles/cmTC_34ba3.dir/feature_tests.c.o
/usr/bin/clang-8   -std=c99 -o CMakeFiles/cmTC_34ba3.dir/feature_tests.c.o   -c "/root/Desktop/Anemoi Drone Project/Drone Software/Dependencies/msp/build_pc/CMakeFiles/feature_tests.c"
Linking C executable cmTC_34ba3
/usr/local/bin/cmake -E cmake_link_script CMakeFiles/cmTC_34ba3.dir/link.txt --verbose=1
/usr/bin/clang-8      -rdynamic CMakeFiles/cmTC_34ba3.dir/feature_tests.c.o  -o cmTC_34ba3 
make[1]: Leaving directory '/root/Desktop/Anemoi Drone Project/Drone Software/Dependencies/msp/build_pc/CMakeFiles/CMakeTmp'


    Feature record: C_FEATURE:1c_function_prototypes
    Feature record: C_FEATURE:1c_restrict
    Feature record: C_FEATURE:0c_static_assert
    Feature record: C_FEATURE:1c_variadic_macros


Detecting C [-std=c90] compiler features compiled with the following output:
Change Dir: /root/Desktop/Anemoi Drone Project/Drone Software/Dependencies/msp/build_pc/CMakeFiles/CMakeTmp

Run Build Command:"/usr/bin/make" "cmTC_efc2d/fast"
/usr/bin/make -f CMakeFiles/cmTC_efc2d.dir/build.make CMakeFiles/cmTC_efc2d.dir/build
make[1]: Entering directory '/root/Desktop/Anemoi Drone Project/Drone Software/Dependencies/msp/build_pc/CMakeFiles/CMakeTmp'
Building C object CMakeFiles/cmTC_efc2d.dir/feature_tests.c.o
/usr/bin/clang-8   -std=c90 -o CMakeFiles/cmTC_efc2d.dir/feature_tests.c.o   -c "/root/Desktop/Anemoi Drone Project/Drone Software/Dependencies/msp/build_pc/CMakeFiles/feature_tests.c"
Linking C executable cmTC_efc2d
/usr/local/bin/cmake -E cmake_link_script CMakeFiles/cmTC_efc2d.dir/link.txt --verbose=1
/usr/bin/clang-8      -rdynamic CMakeFiles/cmTC_efc2d.dir/feature_tests.c.o  -o cmTC_efc2d 
make[1]: Leaving directory '/root/Desktop/Anemoi Drone Project/Drone Software/Dependencies/msp/build_pc/CMakeFiles/CMakeTmp'


    Feature record: C_FEATURE:1c_function_prototypes
    Feature record: C_FEATURE:0c_restrict
    Feature record: C_FEATURE:0c_static_assert
    Feature record: C_FEATURE:0c_variadic_macros
Determining if the CXX compiler works passed with the following output:
Change Dir: /root/Desktop/Anemoi Drone Project/Drone Software/Dependencies/msp/build_pc/CMakeFiles/CMakeTmp

Run Build Command:"/usr/bin/make" "cmTC_571e9/fast"
/usr/bin/make -f CMakeFiles/cmTC_571e9.dir/build.make CMakeFiles/cmTC_571e9.dir/build
make[1]: Entering directory '/root/Desktop/Anemoi Drone Project/Drone Software/Dependencies/msp/build_pc/CMakeFiles/CMakeTmp'
Building CXX object CMakeFiles/cmTC_571e9.dir/testCXXCompiler.cxx.o
/usr/bin/clang++-8     -o CMakeFiles/cmTC_571e9.dir/testCXXCompiler.cxx.o -c "/root/Desktop/Anemoi Drone Project/Drone Software/Dependencies/msp/build_pc/CMakeFiles/CMakeTmp/testCXXCompiler.cxx"
Linking CXX executable cmTC_571e9
/usr/local/bin/cmake -E cmake_link_script CMakeFiles/cmTC_571e9.dir/link.txt --verbose=1
/usr/bin/clang++-8       -rdynamic CMakeFiles/cmTC_571e9.dir/testCXXCompiler.cxx.o  -o cmTC_571e9 
make[1]: Leaving directory '/root/Desktop/Anemoi Drone Project/Drone Software/Dependencies/msp/build_pc/CMakeFiles/CMakeTmp'


Detecting CXX compiler ABI info compiled with the following output:
Change Dir: /root/Desktop/Anemoi Drone Project/Drone Software/Dependencies/msp/build_pc/CMakeFiles/CMakeTmp

Run Build Command:"/usr/bin/make" "cmTC_02440/fast"
/usr/bin/make -f CMakeFiles/cmTC_02440.dir/build.make CMakeFiles/cmTC_02440.dir/build
make[1]: Entering directory '/root/Desktop/Anemoi Drone Project/Drone Software/Dependencies/msp/build_pc/CMakeFiles/CMakeTmp'
Building CXX object CMakeFiles/cmTC_02440.dir/CMakeCXXCompilerABI.cpp.o
/usr/bin/clang++-8     -o CMakeFiles/cmTC_02440.dir/CMakeCXXCompilerABI.cpp.o -c /usr/local/share/cmake-3.10/Modules/CMakeCXXCompilerABI.cpp
Linking CXX executable cmTC_02440
/usr/local/bin/cmake -E cmake_link_script CMakeFiles/cmTC_02440.dir/link.txt --verbose=1
/usr/bin/clang++-8      -v -rdynamic CMakeFiles/cmTC_02440.dir/CMakeCXXCompilerABI.cpp.o  -o cmTC_02440 
clang version 8.0.1-+rc3-1 (tags/RELEASE_801/rc3)
Target: x86_64-pc-linux-gnu
Thread model: posix
InstalledDir: /usr/bin
Found candidate GCC installation: /usr/bin/../lib/gcc/i686-linux-gnu/8
Found candidate GCC installation: /usr/bin/../lib/gcc/i686-linux-gnu/9
Found candidate GCC installation: /usr/bin/../lib/gcc/x86_64-linux-gnu/6
Found candidate GCC installation: /usr/bin/../lib/gcc/x86_64-linux-gnu/6.5.0
Found candidate GCC installation: /usr/bin/../lib/gcc/x86_64-linux-gnu/7
Found candidate GCC installation: /usr/bin/../lib/gcc/x86_64-linux-gnu/7.4.0
Found candidate GCC installation: /usr/bin/../lib/gcc/x86_64-linux-gnu/8
Found candidate GCC installation: /usr/bin/../lib/gcc/x86_64-linux-gnu/9
Found candidate GCC installation: /usr/lib/gcc/i686-linux-gnu/8
Found candidate GCC installation: /usr/lib/gcc/i686-linux-gnu/9
Found candidate GCC installation: /usr/lib/gcc/x86_64-linux-gnu/6
Found candidate GCC installation: /usr/lib/gcc/x86_64-linux-gnu/6.5.0
Found candidate GCC installation: /usr/lib/gcc/x86_64-linux-gnu/7
Found candidate GCC installation: /usr/lib/gcc/x86_64-linux-gnu/7.4.0
Found candidate GCC installation: /usr/lib/gcc/x86_64-linux-gnu/8
Found candidate GCC installation: /usr/lib/gcc/x86_64-linux-gnu/9
Selected GCC installation: /usr/bin/../lib/gcc/x86_64-linux-gnu/9
Candidate multilib: .;@m64
Selected multilib: .;@m64
Found CUDA installation: /usr/local/cuda, version 10.0
 "/usr/bin/ld" -export-dynamic --build-id --eh-frame-hdr -m elf_x86_64 -export-dynamic -dynamic-linker /lib64/ld-linux-x86-64.so.2 -o cmTC_02440 /usr/bin/../lib/gcc/x86_64-linux-gnu/9/../../../x86_64-linux-gnu/crt1.o /usr/bin/../lib/gcc/x86_64-linux-gnu/9/../../../x86_64-linux-gnu/crti.o /usr/bin/../lib/gcc/x86_64-linux-gnu/9/crtbegin.o -L/usr/bin/../lib/gcc/x86_64-linux-gnu/9 -L/usr/bin/../lib/gcc/x86_64-linux-gnu/9/../../../x86_64-linux-gnu -L/lib/x86_64-linux-gnu -L/lib/../lib64 -L/usr/lib/x86_64-linux-gnu -L/usr/bin/../lib/gcc/x86_64-linux-gnu/9/../../.. -L/usr/lib/llvm-8/bin/../lib -L/lib -L/usr/lib CMakeFiles/cmTC_02440.dir/CMakeCXXCompilerABI.cpp.o -lstdc++ -lm -lgcc_s -lgcc -lc -lgcc_s -lgcc /usr/bin/../lib/gcc/x86_64-linux-gnu/9/crtend.o /usr/bin/../lib/gcc/x86_64-linux-gnu/9/../../../x86_64-linux-gnu/crtn.o
make[1]: Leaving directory '/root/Desktop/Anemoi Drone Project/Drone Software/Dependencies/msp/build_pc/CMakeFiles/CMakeTmp'


Parsed CXX implicit link information from above output:
  link line regex: [^( *|.*[/\])(ld|CMAKE_LINK_STARTFILE-NOTFOUND|([^/\]+-)?ld|collect2)[^/\]*( |$)]
  ignore line: [Change Dir: /root/Desktop/Anemoi Drone Project/Drone Software/Dependencies/msp/build_pc/CMakeFiles/CMakeTmp]
  ignore line: []
  ignore line: [Run Build Command:"/usr/bin/make" "cmTC_02440/fast"]
  ignore line: [/usr/bin/make -f CMakeFiles/cmTC_02440.dir/build.make CMakeFiles/cmTC_02440.dir/build]
  ignore line: [make[1]: Entering directory '/root/Desktop/Anemoi Drone Project/Drone Software/Dependencies/msp/build_pc/CMakeFiles/CMakeTmp']
  ignore line: [Building CXX object CMakeFiles/cmTC_02440.dir/CMakeCXXCompilerABI.cpp.o]
  ignore line: [/usr/bin/clang++-8     -o CMakeFiles/cmTC_02440.dir/CMakeCXXCompilerABI.cpp.o -c /usr/local/share/cmake-3.10/Modules/CMakeCXXCompilerABI.cpp]
  ignore line: [Linking CXX executable cmTC_02440]
  ignore line: [/usr/local/bin/cmake -E cmake_link_script CMakeFiles/cmTC_02440.dir/link.txt --verbose=1]
  ignore line: [/usr/bin/clang++-8      -v -rdynamic CMakeFiles/cmTC_02440.dir/CMakeCXXCompilerABI.cpp.o  -o cmTC_02440 ]
  ignore line: [clang version 8.0.1-+rc3-1 (tags/RELEASE_801/rc3)]
  ignore line: [Target: x86_64-pc-linux-gnu]
  ignore line: [Thread model: posix]
  ignore line: [InstalledDir: /usr/bin]
  ignore line: [Found candidate GCC installation: /usr/bin/../lib/gcc/i686-linux-gnu/8]
  ignore line: [Found candidate GCC installation: /usr/bin/../lib/gcc/i686-linux-gnu/9]
  ignore line: [Found candidate GCC installation: /usr/bin/../lib/gcc/x86_64-linux-gnu/6]
  ignore line: [Found candidate GCC installation: /usr/bin/../lib/gcc/x86_64-linux-gnu/6.5.0]
  ignore line: [Found candidate GCC installation: /usr/bin/../lib/gcc/x86_64-linux-gnu/7]
  ignore line: [Found candidate GCC installation: /usr/bin/../lib/gcc/x86_64-linux-gnu/7.4.0]
  ignore line: [Found candidate GCC installation: /usr/bin/../lib/gcc/x86_64-linux-gnu/8]
  ignore line: [Found candidate GCC installation: /usr/bin/../lib/gcc/x86_64-linux-gnu/9]
  ignore line: [Found candidate GCC installation: /usr/lib/gcc/i686-linux-gnu/8]
  ignore line: [Found candidate GCC installation: /usr/lib/gcc/i686-linux-gnu/9]
  ignore line: [Found candidate GCC installation: /usr/lib/gcc/x86_64-linux-gnu/6]
  ignore line: [Found candidate GCC installation: /usr/lib/gcc/x86_64-linux-gnu/6.5.0]
  ignore line: [Found candidate GCC installation: /usr/lib/gcc/x86_64-linux-gnu/7]
  ignore line: [Found candidate GCC installation: /usr/lib/gcc/x86_64-linux-gnu/7.4.0]
  ignore line: [Found candidate GCC installation: /usr/lib/gcc/x86_64-linux-gnu/8]
  ignore line: [Found candidate GCC installation: /usr/lib/gcc/x86_64-linux-gnu/9]
  ignore line: [Selected GCC installation: /usr/bin/../lib/gcc/x86_64-linux-gnu/9]
  ignore line: [Candidate multilib: .]
  ignore line: [@m64]
  ignore line: [Selected multilib: .]
  ignore line: [@m64]
  ignore line: [Found CUDA installation: /usr/local/cuda, version 10.0]
  link line: [ "/usr/bin/ld" -export-dynamic --build-id --eh-frame-hdr -m elf_x86_64 -export-dynamic -dynamic-linker /lib64/ld-linux-x86-64.so.2 -o cmTC_02440 /usr/bin/../lib/gcc/x86_64-linux-gnu/9/../../../x86_64-linux-gnu/crt1.o /usr/bin/../lib/gcc/x86_64-linux-gnu/9/../../../x86_64-linux-gnu/crti.o /usr/bin/../lib/gcc/x86_64-linux-gnu/9/crtbegin.o -L/usr/bin/../lib/gcc/x86_64-linux-gnu/9 -L/usr/bin/../lib/gcc/x86_64-linux-gnu/9/../../../x86_64-linux-gnu -L/lib/x86_64-linux-gnu -L/lib/../lib64 -L/usr/lib/x86_64-linux-gnu -L/usr/bin/../lib/gcc/x86_64-linux-gnu/9/../../.. -L/usr/lib/llvm-8/bin/../lib -L/lib -L/usr/lib CMakeFiles/cmTC_02440.dir/CMakeCXXCompilerABI.cpp.o -lstdc++ -lm -lgcc_s -lgcc -lc -lgcc_s -lgcc /usr/bin/../lib/gcc/x86_64-linux-gnu/9/crtend.o /usr/bin/../lib/gcc/x86_64-linux-gnu/9/../../../x86_64-linux-gnu/crtn.o]
    arg [/usr/bin/ld] ==> ignore
    arg [-export-dynamic] ==> ignore
    arg [--build-id] ==> ignore
    arg [--eh-frame-hdr] ==> ignore
    arg [-m] ==> ignore
    arg [elf_x86_64] ==> ignore
    arg [-export-dynamic] ==> ignore
    arg [-dynamic-linker] ==> ignore
    arg [/lib64/ld-linux-x86-64.so.2] ==> ignore
    arg [-o] ==> ignore
    arg [cmTC_02440] ==> ignore
    arg [/usr/bin/../lib/gcc/x86_64-linux-gnu/9/../../../x86_64-linux-gnu/crt1.o] ==> ignore
    arg [/usr/bin/../lib/gcc/x86_64-linux-gnu/9/../../../x86_64-linux-gnu/crti.o] ==> ignore
    arg [/usr/bin/../lib/gcc/x86_64-linux-gnu/9/crtbegin.o] ==> ignore
    arg [-L/usr/bin/../lib/gcc/x86_64-linux-gnu/9] ==> dir [/usr/bin/../lib/gcc/x86_64-linux-gnu/9]
    arg [-L/usr/bin/../lib/gcc/x86_64-linux-gnu/9/../../../x86_64-linux-gnu] ==> dir [/usr/bin/../lib/gcc/x86_64-linux-gnu/9/../../../x86_64-linux-gnu]
    arg [-L/lib/x86_64-linux-gnu] ==> dir [/lib/x86_64-linux-gnu]
    arg [-L/lib/../lib64] ==> dir [/lib/../lib64]
    arg [-L/usr/lib/x86_64-linux-gnu] ==> dir [/usr/lib/x86_64-linux-gnu]
    arg [-L/usr/bin/../lib/gcc/x86_64-linux-gnu/9/../../..] ==> dir [/usr/bin/../lib/gcc/x86_64-linux-gnu/9/../../..]
    arg [-L/usr/lib/llvm-8/bin/../lib] ==> dir [/usr/lib/llvm-8/bin/../lib]
    arg [-L/lib] ==> dir [/lib]
    arg [-L/usr/lib] ==> dir [/usr/lib]
    arg [CMakeFiles/cmTC_02440.dir/CMakeCXXCompilerABI.cpp.o] ==> ignore
    arg [-lstdc++] ==> lib [stdc++]
    arg [-lm] ==> lib [m]
    arg [-lgcc_s] ==> lib [gcc_s]
    arg [-lgcc] ==> lib [gcc]
    arg [-lc] ==> lib [c]
    arg [-lgcc_s] ==> lib [gcc_s]
    arg [-lgcc] ==> lib [gcc]
    arg [/usr/bin/../lib/gcc/x86_64-linux-gnu/9/crtend.o] ==> ignore
    arg [/usr/bin/../lib/gcc/x86_64-linux-gnu/9/../../../x86_64-linux-gnu/crtn.o] ==> ignore
  collapse library dir [/usr/bin/../lib/gcc/x86_64-linux-gnu/9] ==> [/usr/lib/gcc/x86_64-linux-gnu/9]
  collapse library dir [/usr/bin/../lib/gcc/x86_64-linux-gnu/9/../../../x86_64-linux-gnu] ==> [/usr/lib/x86_64-linux-gnu]
  collapse library dir [/lib/x86_64-linux-gnu] ==> [/lib/x86_64-linux-gnu]
  collapse library dir [/lib/../lib64] ==> [/lib64]
  collapse library dir [/usr/lib/x86_64-linux-gnu] ==> [/usr/lib/x86_64-linux-gnu]
  collapse library dir [/usr/bin/../lib/gcc/x86_64-linux-gnu/9/../../..] ==> [/usr/lib]
  collapse library dir [/usr/lib/llvm-8/bin/../lib] ==> [/usr/lib/llvm-8/lib]
  collapse library dir [/lib] ==> [/lib]
  collapse library dir [/usr/lib] ==> [/usr/lib]
  implicit libs: [stdc++;m;gcc_s;gcc;c;gcc_s;gcc]
  implicit dirs: [/usr/lib/gcc/x86_64-linux-gnu/9;/usr/lib/x86_64-linux-gnu;/lib/x86_64-linux-gnu;/lib64;/usr/lib;/usr/lib/llvm-8/lib;/lib]
  implicit fwks: []




Detecting CXX [-std=c++1z] compiler features compiled with the following output:
Change Dir: /root/Desktop/Anemoi Drone Project/Drone Software/Dependencies/msp/build_pc/CMakeFiles/CMakeTmp

Run Build Command:"/usr/bin/make" "cmTC_7a9bd/fast"
/usr/bin/make -f CMakeFiles/cmTC_7a9bd.dir/build.make CMakeFiles/cmTC_7a9bd.dir/build
make[1]: Entering directory '/root/Desktop/Anemoi Drone Project/Drone Software/Dependencies/msp/build_pc/CMakeFiles/CMakeTmp'
Building CXX object CMakeFiles/cmTC_7a9bd.dir/feature_tests.cxx.o
/usr/bin/clang++-8    -std=c++1z -o CMakeFiles/cmTC_7a9bd.dir/feature_tests.cxx.o -c "/root/Desktop/Anemoi Drone Project/Drone Software/Dependencies/msp/build_pc/CMakeFiles/feature_tests.cxx"
Linking CXX executable cmTC_7a9bd
/usr/local/bin/cmake -E cmake_link_script CMakeFiles/cmTC_7a9bd.dir/link.txt --verbose=1
/usr/bin/clang++-8       -rdynamic CMakeFiles/cmTC_7a9bd.dir/feature_tests.cxx.o  -o cmTC_7a9bd 
make[1]: Leaving directory '/root/Desktop/Anemoi Drone Project/Drone Software/Dependencies/msp/build_pc/CMakeFiles/CMakeTmp'


    Feature record: CXX_FEATURE:1cxx_aggregate_default_initializers
    Feature record: CXX_FEATURE:1cxx_alias_templates
    Feature record: CXX_FEATURE:1cxx_alignas
    Feature record: CXX_FEATURE:1cxx_alignof
    Feature record: CXX_FEATURE:1cxx_attributes
    Feature record: CXX_FEATURE:1cxx_attribute_deprecated
    Feature record: CXX_FEATURE:1cxx_auto_type
    Feature record: CXX_FEATURE:1cxx_binary_literals
    Feature record: CXX_FEATURE:1cxx_constexpr
    Feature record: CXX_FEATURE:1cxx_contextual_conversions
    Feature record: CXX_FEATURE:1cxx_decltype
    Feature record: CXX_FEATURE:1cxx_decltype_auto
    Feature record: CXX_FEATURE:1cxx_decltype_incomplete_return_types
    Feature record: CXX_FEATURE:1cxx_default_function_template_args
    Feature record: CXX_FEATURE:1cxx_defaulted_functions
    Feature record: CXX_FEATURE:1cxx_defaulted_move_initializers
    Feature record: CXX_FEATURE:1cxx_delegating_constructors
    Feature record: CXX_FEATURE:1cxx_deleted_functions
    Feature record: CXX_FEATURE:1cxx_digit_separators
    Feature record: CXX_FEATURE:1cxx_enum_forward_declarations
    Feature record: CXX_FEATURE:1cxx_explicit_conversions
    Feature record: CXX_FEATURE:1cxx_extended_friend_declarations
    Feature record: CXX_FEATURE:1cxx_extern_templates
    Feature record: CXX_FEATURE:1cxx_final
    Feature record: CXX_FEATURE:1cxx_func_identifier
    Feature record: CXX_FEATURE:1cxx_generalized_initializers
    Feature record: CXX_FEATURE:1cxx_generic_lambdas
    Feature record: CXX_FEATURE:1cxx_inheriting_constructors
    Feature record: CXX_FEATURE:1cxx_inline_namespaces
    Feature record: CXX_FEATURE:1cxx_lambdas
    Feature record: CXX_FEATURE:1cxx_lambda_init_captures
    Feature record: CXX_FEATURE:1cxx_local_type_template_args
    Feature record: CXX_FEATURE:1cxx_long_long_type
    Feature record: CXX_FEATURE:1cxx_noexcept
    Feature record: CXX_FEATURE:1cxx_nonstatic_member_init
    Feature record: CXX_FEATURE:1cxx_nullptr
    Feature record: CXX_FEATURE:1cxx_override
    Feature record: CXX_FEATURE:1cxx_range_for
    Feature record: CXX_FEATURE:1cxx_raw_string_literals
    Feature record: CXX_FEATURE:1cxx_reference_qualified_functions
    Feature record: CXX_FEATURE:1cxx_relaxed_constexpr
    Feature record: CXX_FEATURE:1cxx_return_type_deduction
    Feature record: CXX_FEATURE:1cxx_right_angle_brackets
    Feature record: CXX_FEATURE:1cxx_rvalue_references
    Feature record: CXX_FEATURE:1cxx_sizeof_member
    Feature record: CXX_FEATURE:1cxx_static_assert
    Feature record: CXX_FEATURE:1cxx_strong_enums
    Feature record: CXX_FEATURE:1cxx_template_template_parameters
    Feature record: CXX_FEATURE:1cxx_thread_local
    Feature record: CXX_FEATURE:1cxx_trailing_return_types
    Feature record: CXX_FEATURE:1cxx_unicode_literals
    Feature record: CXX_FEATURE:1cxx_uniform_initialization
    Feature record: CXX_FEATURE:1cxx_unrestricted_unions
    Feature record: CXX_FEATURE:1cxx_user_literals
    Feature record: CXX_FEATURE:1cxx_variable_templates
    Feature record: CXX_FEATURE:1cxx_variadic_macros
    Feature record: CXX_FEATURE:1cxx_variadic_templates


Detecting CXX [-std=c++14] compiler features compiled with the following output:
Change Dir: /root/Desktop/Anemoi Drone Project/Drone Software/Dependencies/msp/build_pc/CMakeFiles/CMakeTmp

Run Build Command:"/usr/bin/make" "cmTC_7af16/fast"
/usr/bin/make -f CMakeFiles/cmTC_7af16.dir/build.make CMakeFiles/cmTC_7af16.dir/build
make[1]: Entering directory '/root/Desktop/Anemoi Drone Project/Drone Software/Dependencies/msp/build_pc/CMakeFiles/CMakeTmp'
Building CXX object CMakeFiles/cmTC_7af16.dir/feature_tests.cxx.o
/usr/bin/clang++-8    -std=c++14 -o CMakeFiles/cmTC_7af16.dir/feature_tests.cxx.o -c "/root/Desktop/Anemoi Drone Project/Drone Software/Dependencies/msp/build_pc/CMakeFiles/feature_tests.cxx"
Linking CXX executable cmTC_7af16
/usr/local/bin/cmake -E cmake_link_script CMakeFiles/cmTC_7af16.dir/link.txt --verbose=1
/usr/bin/clang++-8       -rdynamic CMakeFiles/cmTC_7af16.dir/feature_tests.cxx.o  -o cmTC_7af16 
make[1]: Leaving directory '/root/Desktop/Anemoi Drone Project/Drone Software/Dependencies/msp/build_pc/CMakeFiles/CMakeTmp'


    Feature record: CXX_FEATURE:1cxx_aggregate_default_initializers
    Feature record: CXX_FEATURE:1cxx_alias_templates
    Feature record: CXX_FEATURE:1cxx_alignas
    Feature record: CXX_FEATURE:1cxx_alignof
    Feature record: CXX_FEATURE:1cxx_attributes
    Feature record: CXX_FEATURE:1cxx_attribute_deprecated
    Feature record: CXX_FEATURE:1cxx_auto_type
    Feature record: CXX_FEATURE:1cxx_binary_literals
    Feature record: CXX_FEATURE:1cxx_constexpr
    Feature record: CXX_FEATURE:1cxx_contextual_conversions
    Feature record: CXX_FEATURE:1cxx_decltype
    Feature record: CXX_FEATURE:1cxx_decltype_auto
    Feature record: CXX_FEATURE:1cxx_decltype_incomplete_return_types
    Feature record: CXX_FEATURE:1cxx_default_function_template_args
    Feature record: CXX_FEATURE:1cxx_defaulted_functions
    Feature record: CXX_FEATURE:1cxx_defaulted_move_initializers
    Feature record: CXX_FEATURE:1cxx_delegating_constructors
    Feature record: CXX_FEATURE:1cxx_deleted_functions
    Feature record: CXX_FEATURE:1cxx_digit_separators
    Feature record: CXX_FEATURE:1cxx_enum_forward_declarations
    Feature record: CXX_FEATURE:1cxx_explicit_conversions
    Feature record: CXX_FEATURE:1cxx_extended_friend_declarations
    Feature record: CXX_FEATURE:1cxx_extern_templates
    Feature record: CXX_FEATURE:1cxx_final
    Feature record: CXX_FEATURE:1cxx_func_identifier
    Feature record: CXX_FEATURE:1cxx_generalized_initializers
    Feature record: CXX_FEATURE:1cxx_generic_lambdas
    Feature record: CXX_FEATURE:1cxx_inheriting_constructors
    Feature record: CXX_FEATURE:1cxx_inline_namespaces
    Feature record: CXX_FEATURE:1cxx_lambdas
    Feature record: CXX_FEATURE:1cxx_lambda_init_captures
    Feature record: CXX_FEATURE:1cxx_local_type_template_args
    Feature record: CXX_FEATURE:1cxx_long_long_type
    Feature record: CXX_FEATURE:1cxx_noexcept
    Feature record: CXX_FEATURE:1cxx_nonstatic_member_init
    Feature record: CXX_FEATURE:1cxx_nullptr
    Feature record: CXX_FEATURE:1cxx_override
    Feature record: CXX_FEATURE:1cxx_range_for
    Feature record: CXX_FEATURE:1cxx_raw_string_literals
    Feature record: CXX_FEATURE:1cxx_reference_qualified_functions
    Feature record: CXX_FEATURE:1cxx_relaxed_constexpr
    Feature record: CXX_FEATURE:1cxx_return_type_deduction
    Feature record: CXX_FEATURE:1cxx_right_angle_brackets
    Feature record: CXX_FEATURE:1cxx_rvalue_references
    Feature record: CXX_FEATURE:1cxx_sizeof_member
    Feature record: CXX_FEATURE:1cxx_static_assert
    Feature record: CXX_FEATURE:1cxx_strong_enums
    Feature record: CXX_FEATURE:1cxx_template_template_parameters
    Feature record: CXX_FEATURE:1cxx_thread_local
    Feature record: CXX_FEATURE:1cxx_trailing_return_types
    Feature record: CXX_FEATURE:1cxx_unicode_literals
    Feature record: CXX_FEATURE:1cxx_uniform_initialization
    Feature record: CXX_FEATURE:1cxx_unrestricted_unions
    Feature record: CXX_FEATURE:1cxx_user_literals
    Feature record: CXX_FEATURE:1cxx_variable_templates
    Feature record: CXX_FEATURE:1cxx_variadic_macros
    Feature record: CXX_FEATURE:1cxx_variadic_templates


Detecting CXX [-std=c++11] compiler features compiled with the following output:
Change Dir: /root/Desktop/Anemoi Drone Project/Drone Software/Dependencies/msp/build_pc/CMakeFiles/CMakeTmp

Run Build Command:"/usr/bin/make" "cmTC_43dcc/fast"
/usr/bin/make -f CMakeFiles/cmTC_43dcc.dir/build.make CMakeFiles/cmTC_43dcc.dir/build
make[1]: Entering directory '/root/Desktop/Anemoi Drone Project/Drone Software/Dependencies/msp/build_pc/CMakeFiles/CMakeTmp'
Building CXX object CMakeFiles/cmTC_43dcc.dir/feature_tests.cxx.o
/usr/bin/clang++-8    -std=c++11 -o CMakeFiles/cmTC_43dcc.dir/feature_tests.cxx.o -c "/root/Desktop/Anemoi Drone Project/Drone Software/Dependencies/msp/build_pc/CMakeFiles/feature_tests.cxx"
Linking CXX executable cmTC_43dcc
/usr/local/bin/cmake -E cmake_link_script CMakeFiles/cmTC_43dcc.dir/link.txt --verbose=1
/usr/bin/clang++-8       -rdynamic CMakeFiles/cmTC_43dcc.dir/feature_tests.cxx.o  -o cmTC_43dcc 
make[1]: Leaving directory '/root/Desktop/Anemoi Drone Project/Drone Software/Dependencies/msp/build_pc/CMakeFiles/CMakeTmp'


    Feature record: CXX_FEATURE:0cxx_aggregate_default_initializers
    Feature record: CXX_FEATURE:1cxx_alias_templates
    Feature record: CXX_FEATURE:1cxx_alignas
    Feature record: CXX_FEATURE:1cxx_alignof
    Feature record: CXX_FEATURE:1cxx_attributes
    Feature record: CXX_FEATURE:0cxx_attribute_deprecated
    Feature record: CXX_FEATURE:1cxx_auto_type
    Feature record: CXX_FEATURE:0cxx_binary_literals
    Feature record: CXX_FEATURE:1cxx_constexpr
    Feature record: CXX_FEATURE:0cxx_contextual_conversions
    Feature record: CXX_FEATURE:1cxx_decltype
    Feature record: CXX_FEATURE:0cxx_decltype_auto
    Feature record: CXX_FEATURE:1cxx_decltype_incomplete_return_types
    Feature record: CXX_FEATURE:1cxx_default_function_template_args
    Feature record: CXX_FEATURE:1cxx_defaulted_functions
    Feature record: CXX_FEATURE:1cxx_defaulted_move_initializers
    Feature record: CXX_FEATURE:1cxx_delegating_constructors
    Feature record: CXX_FEATURE:1cxx_deleted_functions
    Feature record: CXX_FEATURE:0cxx_digit_separators
    Feature record: CXX_FEATURE:1cxx_enum_forward_declarations
    Feature record: CXX_FEATURE:1cxx_explicit_conversions
    Feature record: CXX_FEATURE:1cxx_extended_friend_declarations
    Feature record: CXX_FEATURE:1cxx_extern_templates
    Feature record: CXX_FEATURE:1cxx_final
    Feature record: CXX_FEATURE:1cxx_func_identifier
    Feature record: CXX_FEATURE:1cxx_generalized_initializers
    Feature record: CXX_FEATURE:0cxx_generic_lambdas
    Feature record: CXX_FEATURE:1cxx_inheriting_constructors
    Feature record: CXX_FEATURE:1cxx_inline_namespaces
    Feature record: CXX_FEATURE:1cxx_lambdas
    Feature record: CXX_FEATURE:0cxx_lambda_init_captures
    Feature record: CXX_FEATURE:1cxx_local_type_template_args
    Feature record: CXX_FEATURE:1cxx_long_long_type
    Feature record: CXX_FEATURE:1cxx_noexcept
    Feature record: CXX_FEATURE:1cxx_nonstatic_member_init
    Feature record: CXX_FEATURE:1cxx_nullptr
    Feature record: CXX_FEATURE:1cxx_override
    Feature record: CXX_FEATURE:1cxx_range_for
    Feature record: CXX_FEATURE:1cxx_raw_string_literals
    Feature record: CXX_FEATURE:1cxx_reference_qualified_functions
    Feature record: CXX_FEATURE:0cxx_relaxed_constexpr
    Feature record: CXX_FEATURE:0cxx_return_type_deduction
    Feature record: CXX_FEATURE:1cxx_right_angle_brackets
    Feature record: CXX_FEATURE:1cxx_rvalue_references
    Feature record: CXX_FEATURE:1cxx_sizeof_member
    Feature record: CXX_FEATURE:1cxx_static_assert
    Feature record: CXX_FEATURE:1cxx_strong_enums
    Feature record: CXX_FEATURE:1cxx_template_template_parameters
    Feature record: CXX_FEATURE:1cxx_thread_local
    Feature record: CXX_FEATURE:1cxx_trailing_return_types
    Feature record: CXX_FEATURE:1cxx_unicode_literals
    Feature record: CXX_FEATURE:1cxx_uniform_initialization
    Feature record: CXX_FEATURE:1cxx_unrestricted_unions
    Feature record: CXX_FEATURE:1cxx_user_literals
    Feature record: CXX_FEATURE:0cxx_variable_templates
    Feature record: CXX_FEATURE:1cxx_variadic_macros
    Feature record: CXX_FEATURE:1cxx_variadic_templates


Detecting CXX [-std=c++98] compiler features compiled with the following output:
Change Dir: /root/Desktop/Anemoi Drone Project/Drone Software/Dependencies/msp/build_pc/CMakeFiles/CMakeTmp

Run Build Command:"/usr/bin/make" "cmTC_465a4/fast"
/usr/bin/make -f CMakeFiles/cmTC_465a4.dir/build.make CMakeFiles/cmTC_465a4.dir/build
make[1]: Entering directory '/root/Desktop/Anemoi Drone Project/Drone Software/Dependencies/msp/build_pc/CMakeFiles/CMakeTmp'
Building CXX object CMakeFiles/cmTC_465a4.dir/feature_tests.cxx.o
/usr/bin/clang++-8    -std=c++98 -o CMakeFiles/cmTC_465a4.dir/feature_tests.cxx.o -c "/root/Desktop/Anemoi Drone Project/Drone Software/Dependencies/msp/build_pc/CMakeFiles/feature_tests.cxx"
Linking CXX executable cmTC_465a4
/usr/local/bin/cmake -E cmake_link_script CMakeFiles/cmTC_465a4.dir/link.txt --verbose=1
/usr/bin/clang++-8       -rdynamic CMakeFiles/cmTC_465a4.dir/feature_tests.cxx.o  -o cmTC_465a4 
make[1]: Leaving directory '/root/Desktop/Anemoi Drone Project/Drone Software/Dependencies/msp/build_pc/CMakeFiles/CMakeTmp'


    Feature record: CXX_FEATURE:0cxx_aggregate_default_initializers
    Feature record: CXX_FEATURE:0cxx_alias_templates
    Feature record: CXX_FEATURE:0cxx_alignas
    Feature record: CXX_FEATURE:0cxx_alignof
    Feature record: CXX_FEATURE:0cxx_attributes
    Feature record: CXX_FEATURE:0cxx_attribute_deprecated
    Feature record: CXX_FEATURE:0cxx_auto_type
    Feature record: CXX_FEATURE:0cxx_binary_literals
    Feature record: CXX_FEATURE:0cxx_constexpr
    Feature record: CXX_FEATURE:0cxx_contextual_conversions
    Feature record: CXX_FEATURE:0cxx_decltype
    Feature record: CXX_FEATURE:0cxx_decltype_auto
    Feature record: CXX_FEATURE:0cxx_decltype_incomplete_return_types
    Feature record: CXX_FEATURE:0cxx_default_function_template_args
    Feature record: CXX_FEATURE:0cxx_defaulted_functions
    Feature record: CXX_FEATURE:0cxx_defaulted_move_initializers
    Feature record: CXX_FEATURE:0cxx_delegating_constructors
    Feature record: CXX_FEATURE:0cxx_deleted_functions
    Feature record: CXX_FEATURE:0cxx_digit_separators
    Feature record: CXX_FEATURE:0cxx_enum_forward_declarations
    Feature record: CXX_FEATURE:0cxx_explicit_conversions
    Feature record: CXX_FEATURE:0cxx_extended_friend_declarations
    Feature record: CXX_FEATURE:0cxx_extern_templates
    Feature record: CXX_FEATURE:0cxx_final
    Feature record: CXX_FEATURE:0cxx_func_identifier
    Feature record: CXX_FEATURE:0cxx_generalized_initializers
    Feature record: CXX_FEATURE:0cxx_generic_lambdas
    Feature record: CXX_FEATURE:0cxx_inheriting_constructors
    Feature record: CXX_FEATURE:0cxx_inline_namespaces
    Feature record: CXX_FEATURE:0cxx_lambdas
    Feature record: CXX_FEATURE:0cxx_lambda_init_captures
    Feature record: CXX_FEATURE:0cxx_local_type_template_args
    Feature record: CXX_FEATURE:0cxx_long_long_type
    Feature record: CXX_FEATURE:0cxx_noexcept
    Feature record: CXX_FEATURE:0cxx_nonstatic_member_init
    Feature record: CXX_FEATURE:0cxx_nullptr
    Feature record: CXX_FEATURE:0cxx_override
    Feature record: CXX_FEATURE:0cxx_range_for
    Feature record: CXX_FEATURE:0cxx_raw_string_literals
    Feature record: CXX_FEATURE:0cxx_reference_qualified_functions
    Feature record: CXX_FEATURE:0cxx_relaxed_constexpr
    Feature record: CXX_FEATURE:0cxx_return_type_deduction
    Feature record: CXX_FEATURE:0cxx_right_angle_brackets
    Feature record: CXX_FEATURE:0cxx_rvalue_references
    Feature record: CXX_FEATURE:0cxx_sizeof_member
    Feature record: CXX_FEATURE:0cxx_static_assert
    Feature record: CXX_FEATURE:0cxx_strong_enums
    Feature record: CXX_FEATURE:1cxx_template_template_parameters
    Feature record: CXX_FEATURE:0cxx_thread_local
    Feature record: CXX_FEATURE:0cxx_trailing_return_types
    Feature record: CXX_FEATURE:0cxx_unicode_literals
    Feature record: CXX_FEATURE:0cxx_uniform_initialization
    Feature record: CXX_FEATURE:0cxx_unrestricted_unions
    Feature record: CXX_FEATURE:0cxx_user_literals
    Feature record: CXX_FEATURE:0cxx_variable_templates
    Feature record: CXX_FEATURE:0cxx_variadic_macros
    Feature record: CXX_FEATURE:0cxx_variadic_templates
Determining if the include file pthread.h exists passed with the following output:
Change Dir: /root/Desktop/Anemoi Drone Project/Drone Software/Dependencies/msp/build_pc/CMakeFiles/CMakeTmp

Run Build Command:"/usr/bin/make" "cmTC_e19ec/fast"
/usr/bin/make -f CMakeFiles/cmTC_e19ec.dir/build.make CMakeFiles/cmTC_e19ec.dir/build
make[1]: Entering directory '/root/Desktop/Anemoi Drone Project/Drone Software/Dependencies/msp/build_pc/CMakeFiles/CMakeTmp'
Building C object CMakeFiles/cmTC_e19ec.dir/CheckIncludeFile.c.o
/usr/bin/clang-8    -o CMakeFiles/cmTC_e19ec.dir/CheckIncludeFile.c.o   -c "/root/Desktop/Anemoi Drone Project/Drone Software/Dependencies/msp/build_pc/CMakeFiles/CMakeTmp/CheckIncludeFile.c"
Linking C executable cmTC_e19ec
/usr/local/bin/cmake -E cmake_link_script CMakeFiles/cmTC_e19ec.dir/link.txt --verbose=1
/usr/bin/clang-8      -rdynamic CMakeFiles/cmTC_e19ec.dir/CheckIncludeFile.c.o  -o cmTC_e19ec 
make[1]: Leaving directory '/root/Desktop/Anemoi Drone Project/Drone Software/Dependencies/msp/build_pc/CMakeFiles/CMakeTmp'


Determining if the function pthread_create exists in the pthread passed with the following output:
Change Dir: /root/Desktop/Anemoi Drone Project/Drone Software/Dependencies/msp/build_pc/CMakeFiles/CMakeTmp

Run Build Command:"/usr/bin/make" "cmTC_85571/fast"
/usr/bin/make -f CMakeFiles/cmTC_85571.dir/build.make CMakeFiles/cmTC_85571.dir/build
make[1]: Entering directory '/root/Desktop/Anemoi Drone Project/Drone Software/Dependencies/msp/build_pc/CMakeFiles/CMakeTmp'
Building C object CMakeFiles/cmTC_85571.dir/CheckFunctionExists.c.o
/usr/bin/clang-8   -DCHECK_FUNCTION_EXISTS=pthread_create   -o CMakeFiles/cmTC_85571.dir/CheckFunctionExists.c.o   -c /usr/local/share/cmake-3.10/Modules/CheckFunctionExists.c
Linking C executable cmTC_85571
/usr/local/bin/cmake -E cmake_link_script CMakeFiles/cmTC_85571.dir/link.txt --verbose=1
/usr/bin/clang-8  -DCHECK_FUNCTION_EXISTS=pthread_create    -rdynamic CMakeFiles/cmTC_85571.dir/CheckFunctionExists.c.o  -o cmTC_85571 -lpthread 
make[1]: Leaving directory '/root/Desktop/Anemoi Drone Project/Drone Software/Dependencies/msp/build_pc/CMakeFiles/CMakeTmp'


