Determining if the pthread_create exist failed with the following output:
Change Dir: /root/Desktop/Anemoi Drone Project/Drone Software/Dependencies/msp/build_pc/CMakeFiles/CMakeTmp

Run Build Command:"/usr/bin/make" "cmTC_0df29/fast"
/usr/bin/make -f CMakeFiles/cmTC_0df29.dir/build.make CMakeFiles/cmTC_0df29.dir/build
make[1]: Entering directory '/root/Desktop/Anemoi Drone Project/Drone Software/Dependencies/msp/build_pc/CMakeFiles/CMakeTmp'
Building C object CMakeFiles/cmTC_0df29.dir/CheckSymbolExists.c.o
/usr/bin/clang-8    -o CMakeFiles/cmTC_0df29.dir/CheckSymbolExists.c.o   -c "/root/Desktop/Anemoi Drone Project/Drone Software/Dependencies/msp/build_pc/CMakeFiles/CMakeTmp/CheckSymbolExists.c"
Linking C executable cmTC_0df29
/usr/local/bin/cmake -E cmake_link_script CMakeFiles/cmTC_0df29.dir/link.txt --verbose=1
/usr/bin/clang-8      -rdynamic CMakeFiles/cmTC_0df29.dir/CheckSymbolExists.c.o  -o cmTC_0df29 
/usr/bin/ld: CMakeFiles/cmTC_0df29.dir/CheckSymbolExists.c.o: in function `main':
CheckSymbolExists.c:(.text+0x19): undefined reference to `pthread_create'
clang: error: linker command failed with exit code 1 (use -v to see invocation)
make[1]: *** [CMakeFiles/cmTC_0df29.dir/build.make:98: cmTC_0df29] Error 1
make[1]: Leaving directory '/root/Desktop/Anemoi Drone Project/Drone Software/Dependencies/msp/build_pc/CMakeFiles/CMakeTmp'
make: *** [Makefile:126: cmTC_0df29/fast] Error 2

File /root/Desktop/Anemoi Drone Project/Drone Software/Dependencies/msp/build_pc/CMakeFiles/CMakeTmp/CheckSymbolExists.c:
/* */
#include <pthread.h>

int main(int argc, char** argv)
{
  (void)argv;
#ifndef pthread_create
  return ((int*)(&pthread_create))[argc];
#else
  (void)argc;
  return 0;
#endif
}

Determining if the function pthread_create exists in the pthreads failed with the following output:
Change Dir: /root/Desktop/Anemoi Drone Project/Drone Software/Dependencies/msp/build_pc/CMakeFiles/CMakeTmp

Run Build Command:"/usr/bin/make" "cmTC_8ff50/fast"
/usr/bin/make -f CMakeFiles/cmTC_8ff50.dir/build.make CMakeFiles/cmTC_8ff50.dir/build
make[1]: Entering directory '/root/Desktop/Anemoi Drone Project/Drone Software/Dependencies/msp/build_pc/CMakeFiles/CMakeTmp'
Building C object CMakeFiles/cmTC_8ff50.dir/CheckFunctionExists.c.o
/usr/bin/clang-8   -DCHECK_FUNCTION_EXISTS=pthread_create   -o CMakeFiles/cmTC_8ff50.dir/CheckFunctionExists.c.o   -c /usr/local/share/cmake-3.10/Modules/CheckFunctionExists.c
Linking C executable cmTC_8ff50
/usr/local/bin/cmake -E cmake_link_script CMakeFiles/cmTC_8ff50.dir/link.txt --verbose=1
/usr/bin/clang-8  -DCHECK_FUNCTION_EXISTS=pthread_create    -rdynamic CMakeFiles/cmTC_8ff50.dir/CheckFunctionExists.c.o  -o cmTC_8ff50 -lpthreads 
/usr/bin/ld: cannot find -lpthreads
clang: error: linker command failed with exit code 1 (use -v to see invocation)
make[1]: *** [CMakeFiles/cmTC_8ff50.dir/build.make:98: cmTC_8ff50] Error 1
make[1]: Leaving directory '/root/Desktop/Anemoi Drone Project/Drone Software/Dependencies/msp/build_pc/CMakeFiles/CMakeTmp'
make: *** [Makefile:126: cmTC_8ff50/fast] Error 2


